<?xml version="1.0" encoding="UTF-8"?>
<testng-results skipped="0" failed="0" total="1" passed="1">
  <reporter-output>
  </reporter-output>
  <suite name="Default suite" duration-ms="200750" started-at="2019-08-09T06:14:06Z" finished-at="2019-08-09T06:17:27Z">
    <groups>
    </groups>
    <test name="Default test" duration-ms="200750" started-at="2019-08-09T06:14:06Z" finished-at="2019-08-09T06:17:27Z">
      <class name="DownloadDemo">
        <test-method status="PASS" signature="setup()[pri:0, instance:DownloadDemo@dbf57b3]" name="setup" is-config="true" duration-ms="31354" started-at="2019-08-09T11:44:06Z" finished-at="2019-08-09T11:44:38Z">
          <reporter-output>
          </reporter-output>
        </test-method> <!-- setup -->
        <test-method status="PASS" signature="dwnld()[pri:0, instance:DownloadDemo@dbf57b3]" name="dwnld" duration-ms="45782" started-at="2019-08-09T11:44:38Z" finished-at="2019-08-09T11:45:24Z">
          <reporter-output>
          </reporter-output>
        </test-method> <!-- dwnld -->
        <test-method status="PASS" signature="tearDown()[pri:0, instance:DownloadDemo@dbf57b3]" name="tearDown" is-config="true" duration-ms="123535" started-at="2019-08-09T11:45:24Z" finished-at="2019-08-09T11:47:27Z">
          <reporter-output>
          </reporter-output>
        </test-method> <!-- tearDown -->
      </class> <!-- DownloadDemo -->
    </test> <!-- Default test -->
  </suite> <!-- Default suite -->
</testng-results>
